<?xml version="1.0" encoding="UTF-8"?>
<!-- Generated by org.testng.reporters.JUnitReportReporter -->
<testsuite hostname="LAPTOP-1EJ4M0KE" failures="0" tests="2" name="testng.PracticeClass_3" time="0.004" errors="0" timestamp="2025-01-24T14:05:16 IST" skipped="0">
  <testcase classname="testng.PracticeClass_3" name="day1" time="0.003"/>
  <system-out/>
  <testcase classname="testng.PracticeClass_3" name="day2" time="0.001"/>
  <system-out/>
</testsuite> <!-- testng.PracticeClass_3 -->
