<?xml version="1.0" encoding="UTF-8"?>
<!-- Generated by org.testng.reporters.JUnitReportReporter -->
<testsuite hostname="LAPTOP-1EJ4M0KE" failures="0" tests="1" name="selenium_basics.SeleniumRelativeLocators" time="3.382" errors="0" timestamp="2025-02-11T08:53:34 IST" skipped="0">
  <testcase classname="selenium_basics.SeleniumRelativeLocators" name="performSeleniumRelativeLocators" time="3.382"/>
  <system-out/>
</testsuite> <!-- selenium_basics.SeleniumRelativeLocators -->
