<?xml version="1.0" encoding="UTF-8"?>
<!-- Generated by org.testng.reporters.JUnitReportReporter -->
<testsuite hostname="LAPTOP-1EJ4M0KE" failures="0" tests="1" name="selenium_basics.PlayAroundStreams" time="20.027" errors="0" timestamp="2025-02-10T09:04:19 IST" skipped="0">
  <testcase classname="selenium_basics.PlayAroundStreams" name="listOfIphones" time="20.027"/>
  <system-out/>
</testsuite> <!-- selenium_basics.PlayAroundStreams -->
