<?xml version="1.0" encoding="UTF-8"?>
<!-- Generated by org.testng.reporters.JUnitReportReporter -->
<testsuite hostname="LAPTOP-1EJ4M0KE" failures="0" tests="2" name="selenium_basics.ChromeDevTools" time="5.676" errors="0" timestamp="2025-02-18T08:32:08 IST" skipped="0">
  <testcase classname="selenium_basics.ChromeDevTools" name="basicAuthentication" time="3.415"/>
  <system-out/>
  <testcase classname="selenium_basics.ChromeDevTools" name="logJavaScriptErrors" time="2.261"/>
  <system-out/>
</testsuite> <!-- selenium_basics.ChromeDevTools -->
