<?xml version="1.0" encoding="UTF-8"?>
<!-- Generated by org.testng.reporters.JUnitReportReporter -->
<testsuite hostname="LAPTOP-1EJ4M0KE" failures="0" tests="1" name="selenium_basics.WebTableAssignment" time="3.114" errors="0" timestamp="2025-02-04T12:57:30 IST" skipped="0">
  <testcase classname="selenium_basics.WebTableAssignment" name="webTable" time="3.114"/>
  <system-out/>
</testsuite> <!-- selenium_basics.WebTableAssignment -->
