<?xml version="1.0" encoding="UTF-8"?>
<!-- Generated by org.testng.reporters.JUnitReportReporter -->
<testsuite hostname="LAPTOP-1EJ4M0KE" failures="0" tests="1" name="selenium_basics.InvokeMultipleWindows" time="3.914" errors="0" timestamp="2025-02-11T22:14:22 IST" skipped="0">
  <testcase classname="selenium_basics.InvokeMultipleWindows" name="invokeMultipleWindows" time="3.914"/>
  <system-out/>
</testsuite> <!-- selenium_basics.InvokeMultipleWindows -->
