<?xml version="1.0" encoding="UTF-8"?>
<!-- Generated by org.testng.reporters.JUnitReportReporter -->
<testsuite hostname="LAPTOP-1EJ4M0KE" failures="0" tests="5" name="testng.PracticeClass_1" time="0.010" errors="0" timestamp="2025-01-24T14:08:35 IST" skipped="1">
  <testcase classname="testng.PracticeClass_1" name="day2" time="0.002"/>
  <system-out/>
  <testcase classname="testng.PracticeClass_1" name="day2" time="0.001"/>
  <system-out/>
  <testcase classname="testng.PracticeClass_1" name="day2" time="0.006"/>
  <system-out/>
  <testcase classname="testng.PracticeClass_1" name="firstDay" time="0.001"/>
  <system-out/>
  <testcase classname="testng.PracticeClass_1" name="day1">
    <skipped/>
  </testcase> <!-- day1 -->
  <system-out/>
</testsuite> <!-- testng.PracticeClass_1 -->
