<?xml version="1.0" encoding="UTF-8"?>
<!-- Generated by org.testng.reporters.JUnitReportReporter -->
<testsuite hostname="LAPTOP-1EJ4M0KE" failures="0" tests="1" name="selenium_basics.ExtentReports_1" time="6.105" errors="0" timestamp="2025-01-28T13:27:19 IST" skipped="0">
  <testcase classname="selenium_basics.ExtentReports_1" name="firstTestCase" time="6.105"/>
  <system-out/>
</testsuite> <!-- selenium_basics.ExtentReports_1 -->
